# JRE version: Java(TM) SE Runtime Environment (17.0.12+8) (build 17.0.12+8-LTS-286)
# Java VM: Java HotSpot(TM) 64-Bit Server VM (17.0.12+8-LTS-286, mixed mode, sharing, tiered, compressed oops, compressed class ptrs, g1 gc, windows-amd64)
GC Precious Log:
 CPUs: 8 total, 8 available
 Memory: 7952M
 Large Page Support: Disabled
 NUMA Support: Disabled
 Compressed Oops: Enabled (32-bit)
 Heap Region Size: 1M
 Heap Min Capacity: 8M
 Heap Initial Capacity: 126M
 Heap Max Capacity: 2G
 Pre-touch: Disabled
 Parallel Workers: 8
 Concurrent Workers: 2
 Concurrent Refinement Workers: 8
 Periodic GC: Disabled
Heap:
 garbage-first heap   total 287744K, used 101334K [0x0000000080000000, 0x0000000100000000)
  region size 1024K, 1 young (1024K), 1 survivors (1024K)
 Metaspace       used 127452K, committed 128128K, reserved 557056K
  class space    used 15701K, committed 16000K, reserved 425984K
GC Heap History (20 events):
Event: 82.079 GC heap after
{Heap after GC invocations=100 (full 0):
 garbage-first heap   total 280576K, used 102034K [0x0000000080000000, 0x0000000100000000)
  region size 1024K, 2 young (2048K), 2 survivors (2048K)
 Metaspace       used 124014K, committed 124672K, reserved 557056K
  class space    used 15200K, committed 15488K, reserved 425984K
}
Event: 82.669 GC heap before
{Heap before GC invocations=100 (full 0):
 garbage-first heap   total 280576K, used 238226K [0x0000000080000000, 0x0000000100000000)
  region size 1024K, 135 young (138240K), 2 survivors (2048K)
 Metaspace       used 124014K, committed 124672K, reserved 557056K
  class space    used 15200K, committed 15488K, reserved 425984K
}
Event: 82.671 GC heap after
{Heap after GC invocations=101 (full 0):
 garbage-first heap   total 280576K, used 103131K [0x0000000080000000, 0x0000000100000000)
  region size 1024K, 3 young (3072K), 3 survivors (3072K)
 Metaspace       used 124014K, committed 124672K, reserved 557056K
  class space    used 15200K, committed 15488K, reserved 425984K
}
Event: 84.455 GC heap before
{Heap before GC invocations=101 (full 0):
 garbage-first heap   total 280576K, used 189147K [0x0000000080000000, 0x0000000100000000)
  region size 1024K, 88 young (90112K), 3 survivors (3072K)
 Metaspace       used 127225K, committed 127936K, reserved 557056K
  class space    used 15701K, committed 16000K, reserved 425984K
}
Event: 84.458 GC heap after
{Heap after GC invocations=102 (full 0):
 garbage-first heap   total 280576K, used 100622K [0x0000000080000000, 0x0000000100000000)
  region size 1024K, 2 young (2048K), 2 survivors (2048K)
 Metaspace       used 127225K, committed 127936K, reserved 557056K
  class space    used 15701K, committed 16000K, reserved 425984K
}
Event: 84.847 GC heap before
{Heap before GC invocations=103 (full 0):
 garbage-first heap   total 280576K, used 243982K [0x0000000080000000, 0x0000000100000000)
  region size 1024K, 140 young (143360K), 2 survivors (2048K)
 Metaspace       used 127227K, committed 127936K, reserved 557056K
  class space    used 15701K, committed 16000K, reserved 425984K
}
Event: 84.850 GC heap after
{Heap after GC invocations=104 (full 0):
 garbage-first heap   total 280576K, used 100256K [0x0000000080000000, 0x0000000100000000)
  region size 1024K, 2 young (2048K), 2 survivors (2048K)
 Metaspace       used 127227K, committed 127936K, reserved 557056K
  class space    used 15701K, committed 16000K, reserved 425984K
}
Event: 84.876 GC heap before
{Heap before GC invocations=104 (full 0):
 garbage-first heap   total 280576K, used 111520K [0x0000000080000000, 0x0000000100000000)
  region size 1024K, 13 young (13312K), 2 survivors (2048K)
 Metaspace       used 127227K, committed 127936K, reserved 557056K
  class space    used 15701K, committed 16000K, reserved 425984K
}
Event: 84.880 GC heap after
{Heap after GC invocations=105 (full 0):
 garbage-first heap   total 280576K, used 98610K [0x0000000080000000, 0x0000000100000000)
  region size 1024K, 1 young (1024K), 1 survivors (1024K)
 Metaspace       used 127227K, committed 127936K, reserved 557056K
  class space    used 15701K, committed 16000K, reserved 425984K
}
Event: 85.227 GC heap before
{Heap before GC invocations=105 (full 0):
 garbage-first heap   total 280576K, used 247090K [0x0000000080000000, 0x0000000100000000)
  region size 1024K, 142 young (145408K), 1 survivors (1024K)
 Metaspace       used 127229K, committed 127936K, reserved 557056K
  class space    used 15701K, committed 16000K, reserved 425984K
}
Event: 85.229 GC heap after
{Heap after GC invocations=106 (full 0):
 garbage-first heap   total 280576K, used 104657K [0x0000000080000000, 0x0000000100000000)
  region size 1024K, 3 young (3072K), 3 survivors (3072K)
 Metaspace       used 127229K, committed 127936K, reserved 557056K
  class space    used 15701K, committed 16000K, reserved 425984K
}
Event: 85.546 GC heap before
{Heap before GC invocations=106 (full 0):
 garbage-first heap   total 280576K, used 242897K [0x0000000080000000, 0x0000000100000000)
  region size 1024K, 138 young (141312K), 3 survivors (3072K)
 Metaspace       used 127229K, committed 127936K, reserved 557056K
  class space    used 15701K, committed 16000K, reserved 425984K
}
Event: 85.548 GC heap after
{Heap after GC invocations=107 (full 0):
 garbage-first heap   total 280576K, used 106357K [0x0000000080000000, 0x0000000100000000)
  region size 1024K, 4 young (4096K), 4 survivors (4096K)
 Metaspace       used 127229K, committed 127936K, reserved 557056K
  class space    used 15701K, committed 16000K, reserved 425984K
}
Event: 85.900 GC heap before
{Heap before GC invocations=107 (full 0):
 garbage-first heap   total 280576K, used 244597K [0x0000000080000000, 0x0000000100000000)
  region size 1024K, 139 young (142336K), 4 survivors (4096K)
 Metaspace       used 127229K, committed 127936K, reserved 557056K
  class space    used 15701K, committed 16000K, reserved 425984K
}
Event: 85.901 GC heap after
{Heap after GC invocations=108 (full 0):
 garbage-first heap   total 280576K, used 98790K [0x0000000080000000, 0x0000000100000000)
  region size 1024K, 1 young (1024K), 1 survivors (1024K)
 Metaspace       used 127229K, committed 127936K, reserved 557056K
  class space    used 15701K, committed 16000K, reserved 425984K
}
Event: 86.319 GC heap before
{Heap before GC invocations=109 (full 0):
 garbage-first heap   total 280576K, used 246246K [0x0000000080000000, 0x0000000100000000)
  region size 1024K, 143 young (146432K), 1 survivors (1024K)
 Metaspace       used 127369K, committed 128064K, reserved 557056K
  class space    used 15701K, committed 16000K, reserved 425984K
}
Event: 86.320 GC heap after
{Heap after GC invocations=110 (full 0):
 garbage-first heap   total 280576K, used 101007K [0x0000000080000000, 0x0000000100000000)
  region size 1024K, 1 young (1024K), 1 survivors (1024K)
 Metaspace       used 127369K, committed 128064K, reserved 557056K
  class space    used 15701K, committed 16000K, reserved 425984K
}
Event: 86.343 GC heap before
{Heap before GC invocations=110 (full 0):
 garbage-first heap   total 280576K, used 113295K [0x0000000080000000, 0x0000000100000000)
  region size 1024K, 13 young (13312K), 1 survivors (1024K)
 Metaspace       used 127371K, committed 128064K, reserved 557056K
  class space    used 15701K, committed 16000K, reserved 425984K
}
Event: 86.346 GC heap after
{Heap after GC invocations=111 (full 0):
 garbage-first heap   total 280576K, used 99303K [0x0000000080000000, 0x0000000100000000)
  region size 1024K, 1 young (1024K), 1 survivors (1024K)
 Metaspace       used 127371K, committed 128064K, reserved 557056K
  class space    used 15701K, committed 16000K, reserved 425984K
}
Event: 86.745 GC heap before
{Heap before GC invocations=111 (full 0):
 garbage-first heap   total 280576K, used 249831K [0x0000000080000000, 0x0000000100000000)
  region size 1024K, 144 young (147456K), 1 survivors (1024K)
 Metaspace       used 127452K, committed 128128K, reserved 557056K
  class space    used 15701K, committed 16000K, reserved 425984K
}

