# JRE version: Java(TM) SE Runtime Environment (17.0.12+8) (build 17.0.12+8-LTS-286)
# Java VM: Java HotSpot(TM) 64-Bit Server VM (17.0.12+8-LTS-286, mixed mode, sharing, tiered, compressed oops, compressed class ptrs, g1 gc, windows-amd64)
GC Precious Log:
 CPUs: 8 total, 8 available
 Memory: 7952M
 Large Page Support: Disabled
 NUMA Support: Disabled
 Compressed Oops: Enabled (32-bit)
 Heap Region Size: 1M
 Heap Min Capacity: 8M
 Heap Initial Capacity: 126M
 Heap Max Capacity: 2G
 Pre-touch: Disabled
 Parallel Workers: 8
 Concurrent Workers: 2
 Concurrent Refinement Workers: 8
 Periodic GC: Disabled
Heap:
 garbage-first heap   total 448512K, used 118801K [0x0000000080000000, 0x0000000100000000)
  region size 1024K, 2 young (2048K), 2 survivors (2048K)
 Metaspace       used 127639K, committed 128320K, reserved 557056K
  class space    used 16317K, committed 16640K, reserved 425984K
GC Heap History (20 events):
Event: 71.886 GC heap after
{Heap after GC invocations=119 (full 0):
 garbage-first heap   total 400384K, used 184839K [0x0000000080000000, 0x0000000100000000)
  region size 1024K, 5 young (5120K), 5 survivors (5120K)
 Metaspace       used 127396K, committed 128128K, reserved 557056K
  class space    used 16305K, committed 16640K, reserved 425984K
}
Event: 72.787 GC heap before
{Heap before GC invocations=119 (full 0):
 garbage-first heap   total 400384K, used 272903K [0x0000000080000000, 0x0000000100000000)
  region size 1024K, 93 young (95232K), 5 survivors (5120K)
 Metaspace       used 127416K, committed 128128K, reserved 557056K
  class space    used 16305K, committed 16640K, reserved 425984K
}
Event: 72.811 GC heap after
{Heap after GC invocations=120 (full 0):
 garbage-first heap   total 400384K, used 185178K [0x0000000080000000, 0x0000000100000000)
  region size 1024K, 6 young (6144K), 6 survivors (6144K)
 Metaspace       used 127416K, committed 128128K, reserved 557056K
  class space    used 16305K, committed 16640K, reserved 425984K
}
Event: 73.889 GC heap before
{Heap before GC invocations=121 (full 0):
 garbage-first heap   total 400384K, used 306010K [0x0000000080000000, 0x0000000100000000)
  region size 1024K, 147 young (150528K), 6 survivors (6144K)
 Metaspace       used 127457K, committed 128128K, reserved 557056K
  class space    used 16305K, committed 16640K, reserved 425984K
}
Event: 73.897 GC heap after
{Heap after GC invocations=122 (full 0):
 garbage-first heap   total 400384K, used 164197K [0x0000000080000000, 0x0000000100000000)
  region size 1024K, 7 young (7168K), 7 survivors (7168K)
 Metaspace       used 127457K, committed 128128K, reserved 557056K
  class space    used 16305K, committed 16640K, reserved 425984K
}
Event: 73.926 GC heap before
{Heap before GC invocations=122 (full 0):
 garbage-first heap   total 400384K, used 175461K [0x0000000080000000, 0x0000000100000000)
  region size 1024K, 19 young (19456K), 7 survivors (7168K)
 Metaspace       used 127457K, committed 128128K, reserved 557056K
  class space    used 16305K, committed 16640K, reserved 425984K
}
Event: 73.935 GC heap after
{Heap after GC invocations=123 (full 0):
 garbage-first heap   total 400384K, used 142997K [0x0000000080000000, 0x0000000100000000)
  region size 1024K, 1 young (1024K), 1 survivors (1024K)
 Metaspace       used 127457K, committed 128128K, reserved 557056K
  class space    used 16305K, committed 16640K, reserved 425984K
}
Event: 74.757 GC heap before
{Heap before GC invocations=123 (full 0):
 garbage-first heap   total 400384K, used 326293K [0x0000000080000000, 0x0000000100000000)
  region size 1024K, 180 young (184320K), 1 survivors (1024K)
 Metaspace       used 127545K, committed 128256K, reserved 557056K
  class space    used 16307K, committed 16640K, reserved 425984K
}
Event: 74.761 GC heap after
{Heap after GC invocations=124 (full 0):
 garbage-first heap   total 400384K, used 144021K [0x0000000080000000, 0x0000000100000000)
  region size 1024K, 2 young (2048K), 2 survivors (2048K)
 Metaspace       used 127545K, committed 128256K, reserved 557056K
  class space    used 16307K, committed 16640K, reserved 425984K
}
Event: 75.515 GC heap before
{Heap before GC invocations=124 (full 0):
 garbage-first heap   total 400384K, used 329365K [0x0000000080000000, 0x0000000100000000)
  region size 1024K, 184 young (188416K), 2 survivors (2048K)
 Metaspace       used 127585K, committed 128320K, reserved 557056K
  class space    used 16308K, committed 16640K, reserved 425984K
}
Event: 75.518 GC heap after
{Heap after GC invocations=125 (full 0):
 garbage-first heap   total 400384K, used 142139K [0x0000000080000000, 0x0000000100000000)
  region size 1024K, 3 young (3072K), 3 survivors (3072K)
 Metaspace       used 127585K, committed 128320K, reserved 557056K
  class space    used 16308K, committed 16640K, reserved 425984K
}
Event: 76.457 GC heap before
{Heap before GC invocations=125 (full 0):
 garbage-first heap   total 400384K, used 281403K [0x0000000080000000, 0x0000000100000000)
  region size 1024K, 140 young (143360K), 3 survivors (3072K)
 Metaspace       used 127638K, committed 128320K, reserved 557056K
  class space    used 16317K, committed 16640K, reserved 425984K
}
Event: 76.600 GC heap after
{Heap after GC invocations=126 (full 1):
 garbage-first heap   total 400384K, used 116944K [0x0000000080000000, 0x0000000100000000)
  region size 1024K, 0 young (0K), 0 survivors (0K)
 Metaspace       used 127638K, committed 128320K, reserved 557056K
  class space    used 16317K, committed 16640K, reserved 425984K
}
Event: 76.743 GC heap before
{Heap before GC invocations=126 (full 1):
 garbage-first heap   total 400384K, used 145616K [0x0000000080000000, 0x0000000100000000)
  region size 1024K, 29 young (29696K), 0 survivors (0K)
 Metaspace       used 127638K, committed 128320K, reserved 557056K
  class space    used 16317K, committed 16640K, reserved 425984K
}
Event: 76.841 GC heap after
{Heap after GC invocations=127 (full 2):
 garbage-first heap   total 400384K, used 117176K [0x0000000080000000, 0x0000000100000000)
  region size 1024K, 0 young (0K), 0 survivors (0K)
 Metaspace       used 127638K, committed 128320K, reserved 557056K
  class space    used 16317K, committed 16640K, reserved 425984K
}
Event: 76.991 GC heap before
{Heap before GC invocations=127 (full 2):
 garbage-first heap   total 400384K, used 150968K [0x0000000080000000, 0x0000000100000000)
  region size 1024K, 34 young (34816K), 0 survivors (0K)
 Metaspace       used 127638K, committed 128320K, reserved 557056K
  class space    used 16317K, committed 16640K, reserved 425984K
}
Event: 77.085 GC heap after
{Heap after GC invocations=128 (full 3):
 garbage-first heap   total 400384K, used 117466K [0x0000000080000000, 0x0000000100000000)
  region size 1024K, 0 young (0K), 0 survivors (0K)
 Metaspace       used 127638K, committed 128320K, reserved 557056K
  class space    used 16317K, committed 16640K, reserved 425984K
}
Event: 77.224 GC heap before
{Heap before GC invocations=128 (full 3):
 garbage-first heap   total 400384K, used 133850K [0x0000000080000000, 0x0000000100000000)
  region size 1024K, 17 young (17408K), 0 survivors (0K)
 Metaspace       used 127638K, committed 128320K, reserved 557056K
  class space    used 16317K, committed 16640K, reserved 425984K
}
Event: 77.316 GC heap after
{Heap after GC invocations=129 (full 4):
 garbage-first heap   total 400384K, used 117595K [0x0000000080000000, 0x0000000100000000)
  region size 1024K, 0 young (0K), 0 survivors (0K)
 Metaspace       used 127638K, committed 128320K, reserved 557056K
  class space    used 16317K, committed 16640K, reserved 425984K
}
Event: 78.190 GC heap before
{Heap before GC invocations=129 (full 4):
 garbage-first heap   total 400384K, used 324443K [0x0000000080000000, 0x0000000100000000)
  region size 1024K, 202 young (206848K), 0 survivors (0K)
 Metaspace       used 127639K, committed 128320K, reserved 557056K
  class space    used 16317K, committed 16640K, reserved 425984K
}

