# JRE version: Java(TM) SE Runtime Environment (17.0.12+8) (build 17.0.12+8-LTS-286)
# Java VM: Java HotSpot(TM) 64-Bit Server VM (17.0.12+8-LTS-286, mixed mode, sharing, tiered, compressed oops, compressed class ptrs, g1 gc, windows-amd64)
GC Precious Log:
 CPUs: 8 total, 8 available
 Memory: 7952M
 Large Page Support: Disabled
 NUMA Support: Disabled
 Compressed Oops: Enabled (32-bit)
 Heap Region Size: 1M
 Heap Min Capacity: 8M
 Heap Initial Capacity: 126M
 Heap Max Capacity: 2G
 Pre-touch: Disabled
 Parallel Workers: 8
 Concurrent Workers: 2
 Concurrent Refinement Workers: 8
 Periodic GC: Disabled
Heap:
 garbage-first heap   total 155648K, used 89562K [0x0000000080000000, 0x0000000100000000)
  region size 1024K, 3 young (3072K), 3 survivors (3072K)
 Metaspace       used 88728K, committed 89408K, reserved 557056K
  class space    used 12171K, committed 12480K, reserved 425984K
GC Heap History (20 events):
Event: 16.353 GC heap after
{Heap after GC invocations=24 (full 0):
 garbage-first heap   total 103424K, used 55005K [0x0000000080000000, 0x0000000100000000)
  region size 1024K, 2 young (2048K), 2 survivors (2048K)
 Metaspace       used 70839K, committed 71552K, reserved 491520K
  class space    used 10233K, committed 10560K, reserved 425984K
}
Event: 16.734 GC heap before
{Heap before GC invocations=25 (full 0):
 garbage-first heap   total 109568K, used 92893K [0x0000000080000000, 0x0000000100000000)
  region size 1024K, 33 young (33792K), 2 survivors (2048K)
 Metaspace       used 70991K, committed 71744K, reserved 491520K
  class space    used 10240K, committed 10560K, reserved 425984K
}
Event: 16.744 GC heap after
{Heap after GC invocations=26 (full 0):
 garbage-first heap   total 109568K, used 64121K [0x0000000080000000, 0x0000000100000000)
  region size 1024K, 5 young (5120K), 5 survivors (5120K)
 Metaspace       used 70991K, committed 71744K, reserved 491520K
  class space    used 10240K, committed 10560K, reserved 425984K
}
Event: 16.904 GC heap before
{Heap before GC invocations=26 (full 0):
 garbage-first heap   total 109568K, used 85625K [0x0000000080000000, 0x0000000100000000)
  region size 1024K, 27 young (27648K), 5 survivors (5120K)
 Metaspace       used 71021K, committed 71744K, reserved 491520K
  class space    used 10240K, committed 10560K, reserved 425984K
}
Event: 16.916 GC heap after
{Heap after GC invocations=27 (full 0):
 garbage-first heap   total 109568K, used 71440K [0x0000000080000000, 0x0000000100000000)
  region size 1024K, 4 young (4096K), 4 survivors (4096K)
 Metaspace       used 71021K, committed 71744K, reserved 491520K
  class space    used 10240K, committed 10560K, reserved 425984K
}
Event: 17.283 GC heap before
{Heap before GC invocations=28 (full 0):
 garbage-first heap   total 124928K, used 86800K [0x0000000080000000, 0x0000000100000000)
  region size 1024K, 19 young (19456K), 4 survivors (4096K)
 Metaspace       used 71966K, committed 72640K, reserved 491520K
  class space    used 10358K, committed 10688K, reserved 425984K
}
Event: 17.289 GC heap after
{Heap after GC invocations=29 (full 0):
 garbage-first heap   total 124928K, used 72848K [0x0000000080000000, 0x0000000100000000)
  region size 1024K, 1 young (1024K), 1 survivors (1024K)
 Metaspace       used 71966K, committed 72640K, reserved 491520K
  class space    used 10358K, committed 10688K, reserved 425984K
}
Event: 17.767 GC heap before
{Heap before GC invocations=29 (full 0):
 garbage-first heap   total 124928K, used 96400K [0x0000000080000000, 0x0000000100000000)
  region size 1024K, 24 young (24576K), 1 survivors (1024K)
 Metaspace       used 75000K, committed 75648K, reserved 491520K
  class space    used 10695K, committed 11008K, reserved 425984K
}
Event: 17.770 GC heap after
{Heap after GC invocations=30 (full 0):
 garbage-first heap   total 124928K, used 74343K [0x0000000080000000, 0x0000000100000000)
  region size 1024K, 3 young (3072K), 3 survivors (3072K)
 Metaspace       used 75000K, committed 75648K, reserved 491520K
  class space    used 10695K, committed 11008K, reserved 425984K
}
Event: 18.272 GC heap before
{Heap before GC invocations=31 (full 0):
 garbage-first heap   total 143360K, used 104039K [0x0000000080000000, 0x0000000100000000)
  region size 1024K, 26 young (26624K), 3 survivors (3072K)
 Metaspace       used 76442K, committed 77120K, reserved 557056K
  class space    used 10844K, committed 11136K, reserved 425984K
}
Event: 18.276 GC heap after
{Heap after GC invocations=32 (full 0):
 garbage-first heap   total 143360K, used 84020K [0x0000000080000000, 0x0000000100000000)
  region size 1024K, 4 young (4096K), 4 survivors (4096K)
 Metaspace       used 76442K, committed 77120K, reserved 557056K
  class space    used 10844K, committed 11136K, reserved 425984K
}
Event: 18.327 GC heap before
{Heap before GC invocations=32 (full 0):
 garbage-first heap   total 143360K, used 87092K [0x0000000080000000, 0x0000000100000000)
  region size 1024K, 7 young (7168K), 4 survivors (4096K)
 Metaspace       used 76912K, committed 77632K, reserved 557056K
  class space    used 10886K, committed 11200K, reserved 425984K
}
Event: 18.330 GC heap after
{Heap after GC invocations=33 (full 0):
 garbage-first heap   total 143360K, used 84205K [0x0000000080000000, 0x0000000100000000)
  region size 1024K, 1 young (1024K), 1 survivors (1024K)
 Metaspace       used 76912K, committed 77632K, reserved 557056K
  class space    used 10886K, committed 11200K, reserved 425984K
}
Event: 18.802 GC heap before
{Heap before GC invocations=33 (full 0):
 garbage-first heap   total 143360K, used 113901K [0x0000000080000000, 0x0000000100000000)
  region size 1024K, 30 young (30720K), 1 survivors (1024K)
 Metaspace       used 80834K, committed 81536K, reserved 557056K
  class space    used 11214K, committed 11520K, reserved 425984K
}
Event: 18.805 GC heap after
{Heap after GC invocations=34 (full 0):
 garbage-first heap   total 143360K, used 86513K [0x0000000080000000, 0x0000000100000000)
  region size 1024K, 3 young (3072K), 3 survivors (3072K)
 Metaspace       used 80834K, committed 81536K, reserved 557056K
  class space    used 11214K, committed 11520K, reserved 425984K
}
Event: 19.703 GC heap before
{Heap before GC invocations=35 (full 0):
 garbage-first heap   total 155648K, used 116209K [0x0000000080000000, 0x0000000100000000)
  region size 1024K, 32 young (32768K), 3 survivors (3072K)
 Metaspace       used 84466K, committed 85120K, reserved 557056K
  class space    used 11644K, committed 11968K, reserved 425984K
}
Event: 19.707 GC heap after
{Heap after GC invocations=36 (full 0):
 garbage-first heap   total 155648K, used 87784K [0x0000000080000000, 0x0000000100000000)
  region size 1024K, 2 young (2048K), 2 survivors (2048K)
 Metaspace       used 84466K, committed 85120K, reserved 557056K
  class space    used 11644K, committed 11968K, reserved 425984K
}
Event: 19.855 GC heap before
{Heap before GC invocations=36 (full 0):
 garbage-first heap   total 155648K, used 92904K [0x0000000080000000, 0x0000000100000000)
  region size 1024K, 7 young (7168K), 2 survivors (2048K)
 Metaspace       used 84909K, committed 85504K, reserved 557056K
  class space    used 11698K, committed 11968K, reserved 425984K
}
Event: 19.861 GC heap after
{Heap after GC invocations=37 (full 0):
 garbage-first heap   total 155648K, used 88297K [0x0000000080000000, 0x0000000100000000)
  region size 1024K, 1 young (1024K), 1 survivors (1024K)
 Metaspace       used 84909K, committed 85504K, reserved 557056K
  class space    used 11698K, committed 11968K, reserved 425984K
}
Event: 20.576 GC heap before
{Heap before GC invocations=37 (full 0):
 garbage-first heap   total 155648K, used 115945K [0x0000000080000000, 0x0000000100000000)
  region size 1024K, 29 young (29696K), 1 survivors (1024K)
 Metaspace       used 88728K, committed 89408K, reserved 557056K
  class space    used 12171K, committed 12480K, reserved 425984K
}

