# JRE version: Java(TM) SE Runtime Environment (17.0.12+8) (build 17.0.12+8-LTS-286)
# Java VM: Java HotSpot(TM) 64-Bit Server VM (17.0.12+8-LTS-286, mixed mode, sharing, tiered, compressed oops, compressed class ptrs, g1 gc, windows-amd64)
GC Precious Log:
 CPUs: 8 total, 8 available
 Memory: 7952M
 Large Page Support: Disabled
 NUMA Support: Disabled
 Compressed Oops: Enabled (32-bit)
 Heap Region Size: 1M
 Heap Min Capacity: 8M
 Heap Initial Capacity: 126M
 Heap Max Capacity: 2G
 Pre-touch: Disabled
 Parallel Workers: 8
 Concurrent Workers: 2
 Concurrent Refinement Workers: 8
 Periodic GC: Disabled
Heap:
 garbage-first heap   total 131072K, used 86259K [0x0000000080000000, 0x0000000100000000)
  region size 1024K, 3 young (3072K), 3 survivors (3072K)
 Metaspace       used 77572K, committed 78336K, reserved 557056K
  class space    used 10948K, committed 11264K, reserved 425984K
GC Heap History (20 events):
Event: 13.870 GC heap after
{Heap after GC invocations=17 (full 0):
 garbage-first heap   total 81920K, used 45313K [0x0000000080000000, 0x0000000100000000)
  region size 1024K, 4 young (4096K), 4 survivors (4096K)
 Metaspace       used 51145K, committed 51776K, reserved 491520K
  class space    used 7131K, committed 7424K, reserved 425984K
}
Event: 13.890 GC heap before
{Heap before GC invocations=17 (full 0):
 garbage-first heap   total 81920K, used 46337K [0x0000000080000000, 0x0000000100000000)
  region size 1024K, 5 young (5120K), 4 survivors (4096K)
 Metaspace       used 51227K, committed 51904K, reserved 491520K
  class space    used 7142K, committed 7424K, reserved 425984K
}
Event: 13.893 GC heap after
{Heap after GC invocations=18 (full 0):
 garbage-first heap   total 81920K, used 45743K [0x0000000080000000, 0x0000000100000000)
  region size 1024K, 1 young (1024K), 1 survivors (1024K)
 Metaspace       used 51227K, committed 51904K, reserved 491520K
  class space    used 7142K, committed 7424K, reserved 425984K
}
Event: 14.470 GC heap before
{Heap before GC invocations=18 (full 0):
 garbage-first heap   total 81920K, used 67247K [0x0000000080000000, 0x0000000100000000)
  region size 1024K, 22 young (22528K), 1 survivors (1024K)
 Metaspace       used 53060K, committed 53760K, reserved 491520K
  class space    used 7400K, committed 7744K, reserved 425984K
}
Event: 14.473 GC heap after
{Heap after GC invocations=19 (full 0):
 garbage-first heap   total 131072K, used 46396K [0x0000000080000000, 0x0000000100000000)
  region size 1024K, 2 young (2048K), 2 survivors (2048K)
 Metaspace       used 53060K, committed 53760K, reserved 491520K
  class space    used 7400K, committed 7744K, reserved 425984K
}
Event: 15.471 GC heap before
{Heap before GC invocations=20 (full 0):
 garbage-first heap   total 131072K, used 95548K [0x0000000080000000, 0x0000000100000000)
  region size 1024K, 50 young (51200K), 2 survivors (2048K)
 Metaspace       used 57203K, committed 57792K, reserved 491520K
  class space    used 8052K, committed 8320K, reserved 425984K
}
Event: 15.476 GC heap after
{Heap after GC invocations=21 (full 0):
 garbage-first heap   total 131072K, used 48382K [0x0000000080000000, 0x0000000100000000)
  region size 1024K, 4 young (4096K), 4 survivors (4096K)
 Metaspace       used 57203K, committed 57792K, reserved 491520K
  class space    used 8052K, committed 8320K, reserved 425984K
}
Event: 15.511 GC heap before
{Heap before GC invocations=21 (full 0):
 garbage-first heap   total 131072K, used 50430K [0x0000000080000000, 0x0000000100000000)
  region size 1024K, 6 young (6144K), 4 survivors (4096K)
 Metaspace       used 57347K, committed 57984K, reserved 491520K
  class space    used 8077K, committed 8384K, reserved 425984K
}
Event: 15.516 GC heap after
{Heap after GC invocations=22 (full 0):
 garbage-first heap   total 131072K, used 48346K [0x0000000080000000, 0x0000000100000000)
  region size 1024K, 1 young (1024K), 1 survivors (1024K)
 Metaspace       used 57347K, committed 57984K, reserved 491520K
  class space    used 8077K, committed 8384K, reserved 425984K
}
Event: 16.464 GC heap before
{Heap before GC invocations=22 (full 0):
 garbage-first heap   total 131072K, used 102618K [0x0000000080000000, 0x0000000100000000)
  region size 1024K, 50 young (51200K), 1 survivors (1024K)
 Metaspace       used 62752K, committed 63424K, reserved 491520K
  class space    used 8751K, committed 9024K, reserved 425984K
}
Event: 16.468 GC heap after
{Heap after GC invocations=23 (full 0):
 garbage-first heap   total 131072K, used 58038K [0x0000000080000000, 0x0000000100000000)
  region size 1024K, 6 young (6144K), 6 survivors (6144K)
 Metaspace       used 62752K, committed 63424K, reserved 491520K
  class space    used 8751K, committed 9024K, reserved 425984K
}
Event: 17.145 GC heap before
{Heap before GC invocations=23 (full 0):
 garbage-first heap   total 131072K, used 101046K [0x0000000080000000, 0x0000000100000000)
  region size 1024K, 48 young (49152K), 6 survivors (6144K)
 Metaspace       used 70377K, committed 71040K, reserved 491520K
  class space    used 10169K, committed 10496K, reserved 425984K
}
Event: 17.148 GC heap after
{Heap after GC invocations=24 (full 0):
 garbage-first heap   total 131072K, used 55507K [0x0000000080000000, 0x0000000100000000)
  region size 1024K, 2 young (2048K), 2 survivors (2048K)
 Metaspace       used 70377K, committed 71040K, reserved 491520K
  class space    used 10169K, committed 10496K, reserved 425984K
}
Event: 17.567 GC heap before
{Heap before GC invocations=24 (full 0):
 garbage-first heap   total 131072K, used 107731K [0x0000000080000000, 0x0000000100000000)
  region size 1024K, 47 young (48128K), 2 survivors (2048K)
 Metaspace       used 71159K, committed 71872K, reserved 491520K
  class space    used 10240K, committed 10560K, reserved 425984K
}
Event: 17.580 GC heap after
{Heap after GC invocations=25 (full 0):
 garbage-first heap   total 131072K, used 68079K [0x0000000080000000, 0x0000000100000000)
  region size 1024K, 6 young (6144K), 6 survivors (6144K)
 Metaspace       used 71159K, committed 71872K, reserved 491520K
  class space    used 10240K, committed 10560K, reserved 425984K
}
Event: 17.996 GC heap before
{Heap before GC invocations=25 (full 0):
 garbage-first heap   total 131072K, used 99823K [0x0000000080000000, 0x0000000100000000)
  region size 1024K, 37 young (37888K), 6 survivors (6144K)
 Metaspace       used 72903K, committed 73600K, reserved 491520K
  class space    used 10444K, committed 10752K, reserved 425984K
}
Event: 18.007 GC heap after
{Heap after GC invocations=26 (full 0):
 garbage-first heap   total 131072K, used 73403K [0x0000000080000000, 0x0000000100000000)
  region size 1024K, 5 young (5120K), 5 survivors (5120K)
 Metaspace       used 72903K, committed 73600K, reserved 491520K
  class space    used 10444K, committed 10752K, reserved 425984K
}
Event: 18.402 GC heap before
{Heap before GC invocations=26 (full 0):
 garbage-first heap   total 131072K, used 108219K [0x0000000080000000, 0x0000000100000000)
  region size 1024K, 33 young (33792K), 5 survivors (5120K)
 Metaspace       used 75549K, committed 76224K, reserved 491520K
  class space    used 10717K, committed 11008K, reserved 425984K
}
Event: 18.409 GC heap after
{Heap after GC invocations=27 (full 0):
 garbage-first heap   total 131072K, used 83923K [0x0000000080000000, 0x0000000100000000)
  region size 1024K, 5 young (5120K), 5 survivors (5120K)
 Metaspace       used 75549K, committed 76224K, reserved 491520K
  class space    used 10717K, committed 11008K, reserved 425984K
}
Event: 18.764 GC heap before
{Heap before GC invocations=27 (full 0):
 garbage-first heap   total 131072K, used 104403K [0x0000000080000000, 0x0000000100000000)
  region size 1024K, 26 young (26624K), 5 survivors (5120K)
 Metaspace       used 77572K, committed 78336K, reserved 557056K
  class space    used 10948K, committed 11264K, reserved 425984K
}

